<?xml version="1.0" encoding="UTF-8"?>
<testng-results total="1" passed="1" failed="0" skipped="0">
  <reporter-output>
    <line>
      <![CDATA[Number of rows are::11]]>
    </line>
    <line>
      <![CDATA[Number of cell  are::4]]>
    </line>
  </reporter-output>
  <suite started-at="2023-07-15T06:37:00Z" name="Default suite" finished-at="2023-07-15T06:38:24Z" duration-ms="84086">
    <groups>
    </groups>
    <test started-at="2023-07-15T06:37:00Z" name="Default test" finished-at="2023-07-15T06:38:24Z" duration-ms="84086">
      <class name="driverFactory.DriverScript">
        <test-method is-config="true" signature="setUp()[pri:0, instance:driverFactory.DriverScript@5a1de7fb]" started-at="2023-07-15T12:07:00Z" name="setUp" finished-at="2023-07-15T12:07:04Z" duration-ms="3861" status="PASS">
          <reporter-output>
          </reporter-output>
        </test-method> <!-- setUp -->
        <test-method signature="startTest()[pri:0, instance:driverFactory.DriverScript@5a1de7fb]" started-at="2023-07-15T12:07:04Z" name="startTest" finished-at="2023-07-15T12:08:24Z" duration-ms="79690" status="PASS">
          <reporter-output>
            <line>
              <![CDATA[Number of rows are::11]]>
            </line>
            <line>
              <![CDATA[Number of cell  are::4]]>
            </line>
          </reporter-output>
        </test-method> <!-- startTest -->
        <test-method is-config="true" signature="tearDown()[pri:0, instance:driverFactory.DriverScript@5a1de7fb]" started-at="2023-07-15T12:08:24Z" name="tearDown" finished-at="2023-07-15T12:08:24Z" duration-ms="492" status="PASS">
          <reporter-output>
          </reporter-output>
        </test-method> <!-- tearDown -->
      </class> <!-- driverFactory.DriverScript -->
    </test> <!-- Default test -->
  </suite> <!-- Default suite -->
</testng-results>
